
Running 1 test using 1 worker

เนยโเธ SERVER EXPLODED: http://localhost:3000/ returned 404
  x  1 [Mobile Chrome] เนโฌเธ tests\level1-gravity.spec.ts:5:7 เนโฌเธ LEVEL 1: Gravity Check (Sanity) เนโฌเธ Mobile Chrome Sanity: Login & Menu Interaction (846ms)
เนยโเธ SERVER EXPLODED: http://localhost:3000/ returned 404
  x  2 [Mobile Chrome] เนโฌเธ tests\level1-gravity.spec.ts:5:7 เนโฌเธ LEVEL 1: Gravity Check (Sanity) เนโฌเธ Mobile Chrome Sanity: Login & Menu Interaction (retry #1) (1.1s)
เนยโเธ SERVER EXPLODED: http://localhost:3000/ returned 404
  x  3 [Mobile Chrome] เนโฌเธ tests\level1-gravity.spec.ts:5:7 เนโฌเธ LEVEL 1: Gravity Check (Sanity) เนโฌเธ Mobile Chrome Sanity: Login & Menu Interaction (retry #2) (1.2s)


  1) [Mobile Chrome] เนโฌเธ tests\level1-gravity.spec.ts:5:7 เนโฌเธ LEVEL 1: Gravity Check (Sanity) เนโฌเธ Mobile Chrome Sanity: Login & Menu Interaction 

    TypeError: resp.resourceType is not a function

       at fixtures.ts:36

      34 |         
      35 |         // Fails the test specifically if it's an API call or critical asset
    > 36 |         if (resp.url().includes('/api/') || resp.resourceType() === 'document') {
         |                                                  ^
      37 |            throw new Error(`เนยโเธ SERVER EXPLODED: ${resp.url()} returned ${resp.status()}`);
      38 |         }
      39 |       }
        at Page.<anonymous> (C:\Users\TCHANGTHONG\Project\tanjai-pos\apps\web\tests\fixtures.ts:36:50)

    Error: page.goto: Test ended.
    Call log:
    [2m  - navigating to "http://localhost:3000/", waiting until "load"[22m


       5 |   test('Mobile Chrome Sanity: Login & Menu Interaction', async ({ page }) => {
       6 |     // 1. Visit Home
    >  7 |     await page.goto('/');
         |                ^
       8 |
       9 |     // 2. Check for critical elements (adjust selectors as per actual app)
      10 |     // Assuming we have a login button or a main landing area. 
        at C:\Users\TCHANGTHONG\Project\tanjai-pos\apps\web\tests\level1-gravity.spec.ts:7:16

    attachment #1: screenshot (image/png) เนโโฌเนโโฌเนโโฌเนโโฌเนโโฌเนโโฌเนโโฌเนโโฌเนโโฌเนโโฌเนโโฌเนโโฌเนโโฌเนโโฌเนโโฌเนโโฌเนโโฌเนโโฌเนโโฌเนโโฌเนโโฌเนโโฌเนโโฌเนโโฌเนโโฌเนโโฌเนโโฌเนโโฌเนโโฌเนโโฌเนโโฌเนโโฌเนโโฌเนโโฌเนโโฌเนโโฌเนโโฌเนโโฌเนโโฌเนโโฌเนโโฌเนโโฌเนโโฌเนโโฌเนโโฌเนโโฌเนโโฌเนโโฌเนโโฌเนโโฌเนโโฌเนโโฌเนโโฌเนโโฌเนโโฌเนโโฌเนโโฌเนโโฌ
    test-results\level1-gravity-LEVEL-1-Gra-df6c4-nity-Login-Menu-Interaction-Mobile-Chrome\test-failed-1.png
    เนโโฌเนโโฌเนโโฌเนโโฌเนโโฌเนโโฌเนโโฌเนโโฌเนโโฌเนโโฌเนโโฌเนโโฌเนโโฌเนโโฌเนโโฌเนโโฌเนโโฌเนโโฌเนโโฌเนโโฌเนโโฌเนโโฌเนโโฌเนโโฌเนโโฌเนโโฌเนโโฌเนโโฌเนโโฌเนโโฌเนโโฌเนโโฌเนโโฌเนโโฌเนโโฌเนโโฌเนโโฌเนโโฌเนโโฌเนโโฌเนโโฌเนโโฌเนโโฌเนโโฌเนโโฌเนโโฌเนโโฌเนโโฌเนโโฌเนโโฌเนโโฌเนโโฌเนโโฌเนโโฌเนโโฌเนโโฌเนโโฌเนโโฌเนโโฌเนโโฌเนโโฌเนโโฌเนโโฌเนโโฌเนโโฌเนโโฌเนโโฌเนโโฌเนโโฌเนโโฌเนโโฌเนโโฌเนโโฌเนโโฌเนโโฌเนโโฌเนโโฌเนโโฌเนโโฌเนโโฌเนโโฌเนโโฌเนโโฌเนโโฌเนโโฌเนโโฌเนโโฌเนโโฌเนโโฌเนโโฌเนโโฌเนโโฌเนโโฌเนโโฌเนโโฌเนโโฌ

    attachment #2: video (video/webm) เนโโฌเนโโฌเนโโฌเนโโฌเนโโฌเนโโฌเนโโฌเนโโฌเนโโฌเนโโฌเนโโฌเนโโฌเนโโฌเนโโฌเนโโฌเนโโฌเนโโฌเนโโฌเนโโฌเนโโฌเนโโฌเนโโฌเนโโฌเนโโฌเนโโฌเนโโฌเนโโฌเนโโฌเนโโฌเนโโฌเนโโฌเนโโฌเนโโฌเนโโฌเนโโฌเนโโฌเนโโฌเนโโฌเนโโฌเนโโฌเนโโฌเนโโฌเนโโฌเนโโฌเนโโฌเนโโฌเนโโฌเนโโฌเนโโฌเนโโฌเนโโฌเนโโฌเนโโฌเนโโฌเนโโฌเนโโฌเนโโฌเนโโฌเนโโฌเนโโฌเนโโฌเนโโฌ
    test-results\level1-gravity-LEVEL-1-Gra-df6c4-nity-Login-Menu-Interaction-Mobile-Chrome\video.webm
    เนโโฌเนโโฌเนโโฌเนโโฌเนโโฌเนโโฌเนโโฌเนโโฌเนโโฌเนโโฌเนโโฌเนโโฌเนโโฌเนโโฌเนโโฌเนโโฌเนโโฌเนโโฌเนโโฌเนโโฌเนโโฌเนโโฌเนโโฌเนโโฌเนโโฌเนโโฌเนโโฌเนโโฌเนโโฌเนโโฌเนโโฌเนโโฌเนโโฌเนโโฌเนโโฌเนโโฌเนโโฌเนโโฌเนโโฌเนโโฌเนโโฌเนโโฌเนโโฌเนโโฌเนโโฌเนโโฌเนโโฌเนโโฌเนโโฌเนโโฌเนโโฌเนโโฌเนโโฌเนโโฌเนโโฌเนโโฌเนโโฌเนโโฌเนโโฌเนโโฌเนโโฌเนโโฌเนโโฌเนโโฌเนโโฌเนโโฌเนโโฌเนโโฌเนโโฌเนโโฌเนโโฌเนโโฌเนโโฌเนโโฌเนโโฌเนโโฌเนโโฌเนโโฌเนโโฌเนโโฌเนโโฌเนโโฌเนโโฌเนโโฌเนโโฌเนโโฌเนโโฌเนโโฌเนโโฌเนโโฌเนโโฌเนโโฌเนโโฌเนโโฌเนโโฌเนโโฌ

    Error Context: test-results\level1-gravity-LEVEL-1-Gra-df6c4-nity-Login-Menu-Interaction-Mobile-Chrome\error-context.md

    attachment #4: trace (application/zip) เนโโฌเนโโฌเนโโฌเนโโฌเนโโฌเนโโฌเนโโฌเนโโฌเนโโฌเนโโฌเนโโฌเนโโฌเนโโฌเนโโฌเนโโฌเนโโฌเนโโฌเนโโฌเนโโฌเนโโฌเนโโฌเนโโฌเนโโฌเนโโฌเนโโฌเนโโฌเนโโฌเนโโฌเนโโฌเนโโฌเนโโฌเนโโฌเนโโฌเนโโฌเนโโฌเนโโฌเนโโฌเนโโฌเนโโฌเนโโฌเนโโฌเนโโฌเนโโฌเนโโฌเนโโฌเนโโฌเนโโฌเนโโฌเนโโฌเนโโฌเนโโฌเนโโฌเนโโฌเนโโฌเนโโฌเนโโฌเนโโฌ
    test-results\level1-gravity-LEVEL-1-Gra-df6c4-nity-Login-Menu-Interaction-Mobile-Chrome\trace.zip
    Usage:

        npx playwright show-trace test-results\level1-gravity-LEVEL-1-Gra-df6c4-nity-Login-Menu-Interaction-Mobile-Chrome\trace.zip

    เนโโฌเนโโฌเนโโฌเนโโฌเนโโฌเนโโฌเนโโฌเนโโฌเนโโฌเนโโฌเนโโฌเนโโฌเนโโฌเนโโฌเนโโฌเนโโฌเนโโฌเนโโฌเนโโฌเนโโฌเนโโฌเนโโฌเนโโฌเนโโฌเนโโฌเนโโฌเนโโฌเนโโฌเนโโฌเนโโฌเนโโฌเนโโฌเนโโฌเนโโฌเนโโฌเนโโฌเนโโฌเนโโฌเนโโฌเนโโฌเนโโฌเนโโฌเนโโฌเนโโฌเนโโฌเนโโฌเนโโฌเนโโฌเนโโฌเนโโฌเนโโฌเนโโฌเนโโฌเนโโฌเนโโฌเนโโฌเนโโฌเนโโฌเนโโฌเนโโฌเนโโฌเนโโฌเนโโฌเนโโฌเนโโฌเนโโฌเนโโฌเนโโฌเนโโฌเนโโฌเนโโฌเนโโฌเนโโฌเนโโฌเนโโฌเนโโฌเนโโฌเนโโฌเนโโฌเนโโฌเนโโฌเนโโฌเนโโฌเนโโฌเนโโฌเนโโฌเนโโฌเนโโฌเนโโฌเนโโฌเนโโฌเนโโฌเนโโฌเนโโฌเนโโฌเนโโฌ

    Retry #1 เนโโฌเนโโฌเนโโฌเนโโฌเนโโฌเนโโฌเนโโฌเนโโฌเนโโฌเนโโฌเนโโฌเนโโฌเนโโฌเนโโฌเนโโฌเนโโฌเนโโฌเนโโฌเนโโฌเนโโฌเนโโฌเนโโฌเนโโฌเนโโฌเนโโฌเนโโฌเนโโฌเนโโฌเนโโฌเนโโฌเนโโฌเนโโฌเนโโฌเนโโฌเนโโฌเนโโฌเนโโฌเนโโฌเนโโฌเนโโฌเนโโฌเนโโฌเนโโฌเนโโฌเนโโฌเนโโฌเนโโฌเนโโฌเนโโฌเนโโฌเนโโฌเนโโฌเนโโฌเนโโฌเนโโฌเนโโฌเนโโฌเนโโฌเนโโฌเนโโฌเนโโฌเนโโฌเนโโฌเนโโฌเนโโฌเนโโฌเนโโฌเนโโฌเนโโฌเนโโฌเนโโฌเนโโฌเนโโฌเนโโฌเนโโฌเนโโฌเนโโฌเนโโฌเนโโฌเนโโฌเนโโฌเนโโฌเนโโฌเนโโฌเนโโฌเนโโฌเนโโฌ

    TypeError: resp.resourceType is not a function

       at fixtures.ts:36

      34 |         
      35 |         // Fails the test specifically if it's an API call or critical asset
    > 36 |         if (resp.url().includes('/api/') || resp.resourceType() === 'document') {
         |                                                  ^
      37 |            throw new Error(`เนยโเธ SERVER EXPLODED: ${resp.url()} returned ${resp.status()}`);
      38 |         }
      39 |       }
        at Page.<anonymous> (C:\Users\TCHANGTHONG\Project\tanjai-pos\apps\web\tests\fixtures.ts:36:50)

    Error: page.goto: Test ended.
    Call log:
    [2m  - navigating to "http://localhost:3000/", waiting until "load"[22m


       5 |   test('Mobile Chrome Sanity: Login & Menu Interaction', async ({ page }) => {
       6 |     // 1. Visit Home
    >  7 |     await page.goto('/');
         |                ^
       8 |
       9 |     // 2. Check for critical elements (adjust selectors as per actual app)
      10 |     // Assuming we have a login button or a main landing area. 
        at C:\Users\TCHANGTHONG\Project\tanjai-pos\apps\web\tests\level1-gravity.spec.ts:7:16

    attachment #1: screenshot (image/png) เนโโฌเนโโฌเนโโฌเนโโฌเนโโฌเนโโฌเนโโฌเนโโฌเนโโฌเนโโฌเนโโฌเนโโฌเนโโฌเนโโฌเนโโฌเนโโฌเนโโฌเนโโฌเนโโฌเนโโฌเนโโฌเนโโฌเนโโฌเนโโฌเนโโฌเนโโฌเนโโฌเนโโฌเนโโฌเนโโฌเนโโฌเนโโฌเนโโฌเนโโฌเนโโฌเนโโฌเนโโฌเนโโฌเนโโฌเนโโฌเนโโฌเนโโฌเนโโฌเนโโฌเนโโฌเนโโฌเนโโฌเนโโฌเนโโฌเนโโฌเนโโฌเนโโฌเนโโฌเนโโฌเนโโฌเนโโฌเนโโฌเนโโฌ
    test-results\level1-gravity-LEVEL-1-Gra-df6c4-nity-Login-Menu-Interaction-Mobile-Chrome-retry1\test-failed-1.png
    เนโโฌเนโโฌเนโโฌเนโโฌเนโโฌเนโโฌเนโโฌเนโโฌเนโโฌเนโโฌเนโโฌเนโโฌเนโโฌเนโโฌเนโโฌเนโโฌเนโโฌเนโโฌเนโโฌเนโโฌเนโโฌเนโโฌเนโโฌเนโโฌเนโโฌเนโโฌเนโโฌเนโโฌเนโโฌเนโโฌเนโโฌเนโโฌเนโโฌเนโโฌเนโโฌเนโโฌเนโโฌเนโโฌเนโโฌเนโโฌเนโโฌเนโโฌเนโโฌเนโโฌเนโโฌเนโโฌเนโโฌเนโโฌเนโโฌเนโโฌเนโโฌเนโโฌเนโโฌเนโโฌเนโโฌเนโโฌเนโโฌเนโโฌเนโโฌเนโโฌเนโโฌเนโโฌเนโโฌเนโโฌเนโโฌเนโโฌเนโโฌเนโโฌเนโโฌเนโโฌเนโโฌเนโโฌเนโโฌเนโโฌเนโโฌเนโโฌเนโโฌเนโโฌเนโโฌเนโโฌเนโโฌเนโโฌเนโโฌเนโโฌเนโโฌเนโโฌเนโโฌเนโโฌเนโโฌเนโโฌเนโโฌเนโโฌเนโโฌเนโโฌเนโโฌเนโโฌ

    attachment #2: video (video/webm) เนโโฌเนโโฌเนโโฌเนโโฌเนโโฌเนโโฌเนโโฌเนโโฌเนโโฌเนโโฌเนโโฌเนโโฌเนโโฌเนโโฌเนโโฌเนโโฌเนโโฌเนโโฌเนโโฌเนโโฌเนโโฌเนโโฌเนโโฌเนโโฌเนโโฌเนโโฌเนโโฌเนโโฌเนโโฌเนโโฌเนโโฌเนโโฌเนโโฌเนโโฌเนโโฌเนโโฌเนโโฌเนโโฌเนโโฌเนโโฌเนโโฌเนโโฌเนโโฌเนโโฌเนโโฌเนโโฌเนโโฌเนโโฌเนโโฌเนโโฌเนโโฌเนโโฌเนโโฌเนโโฌเนโโฌเนโโฌเนโโฌเนโโฌเนโโฌเนโโฌเนโโฌเนโโฌ
    test-results\level1-gravity-LEVEL-1-Gra-df6c4-nity-Login-Menu-Interaction-Mobile-Chrome-retry1\video.webm
    เนโโฌเนโโฌเนโโฌเนโโฌเนโโฌเนโโฌเนโโฌเนโโฌเนโโฌเนโโฌเนโโฌเนโโฌเนโโฌเนโโฌเนโโฌเนโโฌเนโโฌเนโโฌเนโโฌเนโโฌเนโโฌเนโโฌเนโโฌเนโโฌเนโโฌเนโโฌเนโโฌเนโโฌเนโโฌเนโโฌเนโโฌเนโโฌเนโโฌเนโโฌเนโโฌเนโโฌเนโโฌเนโโฌเนโโฌเนโโฌเนโโฌเนโโฌเนโโฌเนโโฌเนโโฌเนโโฌเนโโฌเนโโฌเนโโฌเนโโฌเนโโฌเนโโฌเนโโฌเนโโฌเนโโฌเนโโฌเนโโฌเนโโฌเนโโฌเนโโฌเนโโฌเนโโฌเนโโฌเนโโฌเนโโฌเนโโฌเนโโฌเนโโฌเนโโฌเนโโฌเนโโฌเนโโฌเนโโฌเนโโฌเนโโฌเนโโฌเนโโฌเนโโฌเนโโฌเนโโฌเนโโฌเนโโฌเนโโฌเนโโฌเนโโฌเนโโฌเนโโฌเนโโฌเนโโฌเนโโฌเนโโฌเนโโฌเนโโฌเนโโฌเนโโฌเนโโฌ

    Error Context: test-results\level1-gravity-LEVEL-1-Gra-df6c4-nity-Login-Menu-Interaction-Mobile-Chrome-retry1\error-context.md

    attachment #4: trace (application/zip) เนโโฌเนโโฌเนโโฌเนโโฌเนโโฌเนโโฌเนโโฌเนโโฌเนโโฌเนโโฌเนโโฌเนโโฌเนโโฌเนโโฌเนโโฌเนโโฌเนโโฌเนโโฌเนโโฌเนโโฌเนโโฌเนโโฌเนโโฌเนโโฌเนโโฌเนโโฌเนโโฌเนโโฌเนโโฌเนโโฌเนโโฌเนโโฌเนโโฌเนโโฌเนโโฌเนโโฌเนโโฌเนโโฌเนโโฌเนโโฌเนโโฌเนโโฌเนโโฌเนโโฌเนโโฌเนโโฌเนโโฌเนโโฌเนโโฌเนโโฌเนโโฌเนโโฌเนโโฌเนโโฌเนโโฌเนโโฌเนโโฌ
    test-results\level1-gravity-LEVEL-1-Gra-df6c4-nity-Login-Menu-Interaction-Mobile-Chrome-retry1\trace.zip
    Usage:

        npx playwright show-trace test-results\level1-gravity-LEVEL-1-Gra-df6c4-nity-Login-Menu-Interaction-Mobile-Chrome-retry1\trace.zip

    เนโโฌเนโโฌเนโโฌเนโโฌเนโโฌเนโโฌเนโโฌเนโโฌเนโโฌเนโโฌเนโโฌเนโโฌเนโโฌเนโโฌเนโโฌเนโโฌเนโโฌเนโโฌเนโโฌเนโโฌเนโโฌเนโโฌเนโโฌเนโโฌเนโโฌเนโโฌเนโโฌเนโโฌเนโโฌเนโโฌเนโโฌเนโโฌเนโโฌเนโโฌเนโโฌเนโโฌเนโโฌเนโโฌเนโโฌเนโโฌเนโโฌเนโโฌเนโโฌเนโโฌเนโโฌเนโโฌเนโโฌเนโโฌเนโโฌเนโโฌเนโโฌเนโโฌเนโโฌเนโโฌเนโโฌเนโโฌเนโโฌเนโโฌเนโโฌเนโโฌเนโโฌเนโโฌเนโโฌเนโโฌเนโโฌเนโโฌเนโโฌเนโโฌเนโโฌเนโโฌเนโโฌเนโโฌเนโโฌเนโโฌเนโโฌเนโโฌเนโโฌเนโโฌเนโโฌเนโโฌเนโโฌเนโโฌเนโโฌเนโโฌเนโโฌเนโโฌเนโโฌเนโโฌเนโโฌเนโโฌเนโโฌเนโโฌเนโโฌเนโโฌเนโโฌเนโโฌ

    Retry #2 เนโโฌเนโโฌเนโโฌเนโโฌเนโโฌเนโโฌเนโโฌเนโโฌเนโโฌเนโโฌเนโโฌเนโโฌเนโโฌเนโโฌเนโโฌเนโโฌเนโโฌเนโโฌเนโโฌเนโโฌเนโโฌเนโโฌเนโโฌเนโโฌเนโโฌเนโโฌเนโโฌเนโโฌเนโโฌเนโโฌเนโโฌเนโโฌเนโโฌเนโโฌเนโโฌเนโโฌเนโโฌเนโโฌเนโโฌเนโโฌเนโโฌเนโโฌเนโโฌเนโโฌเนโโฌเนโโฌเนโโฌเนโโฌเนโโฌเนโโฌเนโโฌเนโโฌเนโโฌเนโโฌเนโโฌเนโโฌเนโโฌเนโโฌเนโโฌเนโโฌเนโโฌเนโโฌเนโโฌเนโโฌเนโโฌเนโโฌเนโโฌเนโโฌเนโโฌเนโโฌเนโโฌเนโโฌเนโโฌเนโโฌเนโโฌเนโโฌเนโโฌเนโโฌเนโโฌเนโโฌเนโโฌเนโโฌเนโโฌเนโโฌเนโโฌเนโโฌเนโโฌ

    TypeError: resp.resourceType is not a function

       at fixtures.ts:36

      34 |         
      35 |         // Fails the test specifically if it's an API call or critical asset
    > 36 |         if (resp.url().includes('/api/') || resp.resourceType() === 'document') {
         |                                                  ^
      37 |            throw new Error(`เนยโเธ SERVER EXPLODED: ${resp.url()} returned ${resp.status()}`);
      38 |         }
      39 |       }
        at Page.<anonymous> (C:\Users\TCHANGTHONG\Project\tanjai-pos\apps\web\tests\fixtures.ts:36:50)

    Error: page.goto: Test ended.
    Call log:
    [2m  - navigating to "http://localhost:3000/", waiting until "load"[22m


       5 |   test('Mobile Chrome Sanity: Login & Menu Interaction', async ({ page }) => {
       6 |     // 1. Visit Home
    >  7 |     await page.goto('/');
         |                ^
       8 |
       9 |     // 2. Check for critical elements (adjust selectors as per actual app)
      10 |     // Assuming we have a login button or a main landing area. 
        at C:\Users\TCHANGTHONG\Project\tanjai-pos\apps\web\tests\level1-gravity.spec.ts:7:16

    attachment #1: screenshot (image/png) เนโโฌเนโโฌเนโโฌเนโโฌเนโโฌเนโโฌเนโโฌเนโโฌเนโโฌเนโโฌเนโโฌเนโโฌเนโโฌเนโโฌเนโโฌเนโโฌเนโโฌเนโโฌเนโโฌเนโโฌเนโโฌเนโโฌเนโโฌเนโโฌเนโโฌเนโโฌเนโโฌเนโโฌเนโโฌเนโโฌเนโโฌเนโโฌเนโโฌเนโโฌเนโโฌเนโโฌเนโโฌเนโโฌเนโโฌเนโโฌเนโโฌเนโโฌเนโโฌเนโโฌเนโโฌเนโโฌเนโโฌเนโโฌเนโโฌเนโโฌเนโโฌเนโโฌเนโโฌเนโโฌเนโโฌเนโโฌเนโโฌเนโโฌ
    test-results\level1-gravity-LEVEL-1-Gra-df6c4-nity-Login-Menu-Interaction-Mobile-Chrome-retry2\test-failed-1.png
    เนโโฌเนโโฌเนโโฌเนโโฌเนโโฌเนโโฌเนโโฌเนโโฌเนโโฌเนโโฌเนโโฌเนโโฌเนโโฌเนโโฌเนโโฌเนโโฌเนโโฌเนโโฌเนโโฌเนโโฌเนโโฌเนโโฌเนโโฌเนโโฌเนโโฌเนโโฌเนโโฌเนโโฌเนโโฌเนโโฌเนโโฌเนโโฌเนโโฌเนโโฌเนโโฌเนโโฌเนโโฌเนโโฌเนโโฌเนโโฌเนโโฌเนโโฌเนโโฌเนโโฌเนโโฌเนโโฌเนโโฌเนโโฌเนโโฌเนโโฌเนโโฌเนโโฌเนโโฌเนโโฌเนโโฌเนโโฌเนโโฌเนโโฌเนโโฌเนโโฌเนโโฌเนโโฌเนโโฌเนโโฌเนโโฌเนโโฌเนโโฌเนโโฌเนโโฌเนโโฌเนโโฌเนโโฌเนโโฌเนโโฌเนโโฌเนโโฌเนโโฌเนโโฌเนโโฌเนโโฌเนโโฌเนโโฌเนโโฌเนโโฌเนโโฌเนโโฌเนโโฌเนโโฌเนโโฌเนโโฌเนโโฌเนโโฌเนโโฌเนโโฌเนโโฌเนโโฌ

    attachment #2: video (video/webm) เนโโฌเนโโฌเนโโฌเนโโฌเนโโฌเนโโฌเนโโฌเนโโฌเนโโฌเนโโฌเนโโฌเนโโฌเนโโฌเนโโฌเนโโฌเนโโฌเนโโฌเนโโฌเนโโฌเนโโฌเนโโฌเนโโฌเนโโฌเนโโฌเนโโฌเนโโฌเนโโฌเนโโฌเนโโฌเนโโฌเนโโฌเนโโฌเนโโฌเนโโฌเนโโฌเนโโฌเนโโฌเนโโฌเนโโฌเนโโฌเนโโฌเนโโฌเนโโฌเนโโฌเนโโฌเนโโฌเนโโฌเนโโฌเนโโฌเนโโฌเนโโฌเนโโฌเนโโฌเนโโฌเนโโฌเนโโฌเนโโฌเนโโฌเนโโฌเนโโฌเนโโฌเนโโฌ
    test-results\level1-gravity-LEVEL-1-Gra-df6c4-nity-Login-Menu-Interaction-Mobile-Chrome-retry2\video.webm
    เนโโฌเนโโฌเนโโฌเนโโฌเนโโฌเนโโฌเนโโฌเนโโฌเนโโฌเนโโฌเนโโฌเนโโฌเนโโฌเนโโฌเนโโฌเนโโฌเนโโฌเนโโฌเนโโฌเนโโฌเนโโฌเนโโฌเนโโฌเนโโฌเนโโฌเนโโฌเนโโฌเนโโฌเนโโฌเนโโฌเนโโฌเนโโฌเนโโฌเนโโฌเนโโฌเนโโฌเนโโฌเนโโฌเนโโฌเนโโฌเนโโฌเนโโฌเนโโฌเนโโฌเนโโฌเนโโฌเนโโฌเนโโฌเนโโฌเนโโฌเนโโฌเนโโฌเนโโฌเนโโฌเนโโฌเนโโฌเนโโฌเนโโฌเนโโฌเนโโฌเนโโฌเนโโฌเนโโฌเนโโฌเนโโฌเนโโฌเนโโฌเนโโฌเนโโฌเนโโฌเนโโฌเนโโฌเนโโฌเนโโฌเนโโฌเนโโฌเนโโฌเนโโฌเนโโฌเนโโฌเนโโฌเนโโฌเนโโฌเนโโฌเนโโฌเนโโฌเนโโฌเนโโฌเนโโฌเนโโฌเนโโฌเนโโฌเนโโฌเนโโฌเนโโฌเนโโฌ

    Error Context: test-results\level1-gravity-LEVEL-1-Gra-df6c4-nity-Login-Menu-Interaction-Mobile-Chrome-retry2\error-context.md

    attachment #4: trace (application/zip) เนโโฌเนโโฌเนโโฌเนโโฌเนโโฌเนโโฌเนโโฌเนโโฌเนโโฌเนโโฌเนโโฌเนโโฌเนโโฌเนโโฌเนโโฌเนโโฌเนโโฌเนโโฌเนโโฌเนโโฌเนโโฌเนโโฌเนโโฌเนโโฌเนโโฌเนโโฌเนโโฌเนโโฌเนโโฌเนโโฌเนโโฌเนโโฌเนโโฌเนโโฌเนโโฌเนโโฌเนโโฌเนโโฌเนโโฌเนโโฌเนโโฌเนโโฌเนโโฌเนโโฌเนโโฌเนโโฌเนโโฌเนโโฌเนโโฌเนโโฌเนโโฌเนโโฌเนโโฌเนโโฌเนโโฌเนโโฌเนโโฌ
    test-results\level1-gravity-LEVEL-1-Gra-df6c4-nity-Login-Menu-Interaction-Mobile-Chrome-retry2\trace.zip
    Usage:

        npx playwright show-trace test-results\level1-gravity-LEVEL-1-Gra-df6c4-nity-Login-Menu-Interaction-Mobile-Chrome-retry2\trace.zip

    เนโโฌเนโโฌเนโโฌเนโโฌเนโโฌเนโโฌเนโโฌเนโโฌเนโโฌเนโโฌเนโโฌเนโโฌเนโโฌเนโโฌเนโโฌเนโโฌเนโโฌเนโโฌเนโโฌเนโโฌเนโโฌเนโโฌเนโโฌเนโโฌเนโโฌเนโโฌเนโโฌเนโโฌเนโโฌเนโโฌเนโโฌเนโโฌเนโโฌเนโโฌเนโโฌเนโโฌเนโโฌเนโโฌเนโโฌเนโโฌเนโโฌเนโโฌเนโโฌเนโโฌเนโโฌเนโโฌเนโโฌเนโโฌเนโโฌเนโโฌเนโโฌเนโโฌเนโโฌเนโโฌเนโโฌเนโโฌเนโโฌเนโโฌเนโโฌเนโโฌเนโโฌเนโโฌเนโโฌเนโโฌเนโโฌเนโโฌเนโโฌเนโโฌเนโโฌเนโโฌเนโโฌเนโโฌเนโโฌเนโโฌเนโโฌเนโโฌเนโโฌเนโโฌเนโโฌเนโโฌเนโโฌเนโโฌเนโโฌเนโโฌเนโโฌเนโโฌเนโโฌเนโโฌเนโโฌเนโโฌเนโโฌเนโโฌเนโโฌเนโโฌเนโโฌเนโโฌ

  1 failed
    [Mobile Chrome] เนโฌเธ tests\level1-gravity.spec.ts:5:7 เนโฌเธ LEVEL 1: Gravity Check (Sanity) เนโฌเธ Mobile Chrome Sanity: Login & Menu Interaction 
