• Packages in scope: erp
• Running build in 1 packages
• Remote caching disabled
erp:build: cache miss, executing bd1ef0829f1e5273
erp:build: 
erp:build: > erp@0.1.0 build
erp:build: > next build
erp:build: 
erp:build:   ▲ Next.js 14.2.35
erp:build: 
erp:build:    Creating an optimized production build ...
erp:build: Failed to compile.
erp:build: 
erp:build: ./src/app/inventory/page.tsx
erp:build: Module not found: Can't resolve 'lucide-react'
erp:build: 
erp:build: https://nextjs.org/docs/messages/module-not-found
erp:build: 
erp:build: ./src/app/purchasing/create-po-button.tsx
erp:build: Module not found: Can't resolve './actions'
erp:build: 
erp:build: https://nextjs.org/docs/messages/module-not-found
erp:build: 
erp:build: ./src/app/purchasing/create-po-button.tsx
erp:build: Module not found: Can't resolve 'lucide-react'
erp:build: 
erp:build: https://nextjs.org/docs/messages/module-not-found
erp:build: 
erp:build: ./src/app/purchasing/receive-po-item.tsx
erp:build: Module not found: Can't resolve './actions'
erp:build: 
erp:build: https://nextjs.org/docs/messages/module-not-found
erp:build: 
erp:build: ./src/components/app-sidebar.tsx
erp:build: Module not found: Can't resolve 'lucide-react'
erp:build: 
erp:build: https://nextjs.org/docs/messages/module-not-found
erp:build: 
erp:build: Import trace for requested module:
erp:build: ./src/app/layout.tsx
erp:build: 
erp:build: 
erp:build: > Build failed because of webpack errors
erp:build: npm error Lifecycle script `build` failed with error:
erp:build: npm error code 1
erp:build: npm error path C:\Users\TCHANGTHONG\Project\tanjai-pos\apps\erp
erp:build: npm error workspace erp@0.1.0
erp:build: npm error location C:\Users\TCHANGTHONG\Project\tanjai-pos\apps\erp
erp:build: npm error command failed
erp:build: npm error command C:\WINDOWS\system32\cmd.exe /d /s /c next build
erp:build: ERROR: command finished with error: command (C:\Users\TCHANGTHONG\Project\tanjai-pos\apps\erp) C:\Program Files\nodejs\npm.cmd run build exited (1)
erp#build: command (C:\Users\TCHANGTHONG\Project\tanjai-pos\apps\erp) C:\Program Files\nodejs\npm.cmd run build exited (1)

 Tasks:    0 successful, 1 total
Cached:    0 cached, 1 total
  Time:    27.588s 
Failed:    erp#build

 ERROR  run failed: command  exited (1)
