
> tanjai-pos@0.1.0 build
> next build --webpack

   ▲ Next.js 16.0.10 (webpack)
   - Environments: .env.local

   Creating an optimized production build ...
 ✓ (serwist) Bundling the service worker script with the URL '/sw.js' and the scope '/'...
 ✓ Compiled successfully in 16.4s
   Running TypeScript ...
   Collecting page data using 11 workers ...
   Generating static pages using 11 workers (0/10) ...
   Generating static pages using 11 workers (2/10) 
   Generating static pages using 11 workers (4/10) 
   Generating static pages using 11 workers (7/10) 
 ✓ Generating static pages using 11 workers (10/10) in 1864.0ms
   Finalizing page optimization ...
   Collecting build traces ...

Route (app)
┌ ○ /
├ ○ /dashboard/menu
├ ○ /kds
├ ○ /login
├ ○ /manifest.json
├ ○ /_not-found
├ ○ /onboarding
└ ○ /pos


○  (Static)  prerendered as static content

