• Packages in scope: web
• Running build in 1 packages
• Remote caching disabled
web:build: cache miss, executing 5a32cd71d609dccb
web:build: 
web:build: > web@1.0.0 build
web:build: > next build
web:build: 
web:build:   ▲ Next.js 14.2.35
web:build:   - Environments: .env.local
web:build: 
web:build:    Creating an optimized production build ...
web:build: Failed to compile.
web:build: 
web:build: ../../node_modules/@supabase/supabase-js/dist/esm/wrapper.mjs
web:build: Attempted import error: '../module/index.js' does not contain a default export (imported as 'index').
web:build: 
web:build: Import trace for requested module:
web:build: ../../node_modules/@supabase/supabase-js/dist/esm/wrapper.mjs
web:build: ./src/features/kds/components/kds-board.tsx
web:build: 
web:build: ../../node_modules/@supabase/supabase-js/dist/esm/wrapper.mjs
web:build: Attempted import error: '../module/index.js' does not contain a default export (imported as 'index').
web:build: 
web:build: Import trace for requested module:
web:build: ../../node_modules/@supabase/supabase-js/dist/esm/wrapper.mjs
web:build: ./src/features/kds/components/kds-board.tsx
web:build: 
web:build: ../../node_modules/@supabase/supabase-js/dist/esm/wrapper.mjs
web:build: Attempted import error: '../module/index.js' does not contain a default export (imported as 'index').
web:build: 
web:build: Import trace for requested module:
web:build: ../../node_modules/@supabase/supabase-js/dist/esm/wrapper.mjs
web:build: ../../node_modules/@supabase/auth-helpers-nextjs/dist/module/createBrowserClient.js
web:build: ../../node_modules/@supabase/auth-helpers-nextjs/dist/module/index.js
web:build: ./src/features/kds/actions.ts
web:build: 
web:build: ../../node_modules/@supabase/supabase-js/dist/esm/wrapper.mjs
web:build: Attempted import error: '../module/index.js' does not contain a default export (imported as 'index').
web:build: 
web:build: Import trace for requested module:
web:build: ../../node_modules/@supabase/supabase-js/dist/esm/wrapper.mjs
web:build: ../../node_modules/@supabase/auth-helpers-nextjs/dist/module/createBrowserClient.js
web:build: ../../node_modules/@supabase/auth-helpers-nextjs/dist/module/index.js
web:build: ./src/features/kds/actions.ts
web:build: 
web:build: ../../node_modules/@supabase/supabase-js/dist/esm/wrapper.mjs
web:build: Attempted import error: '../module/index.js' does not contain a default export (imported as 'index').
web:build: 
web:build: Import trace for requested module:
web:build: ../../node_modules/@supabase/supabase-js/dist/esm/wrapper.mjs
web:build: ./src/app/[tenant]/inventory/page.tsx
web:build: 
web:build: 
web:build: > Build failed because of webpack errors
web:build: npm error Lifecycle script `build` failed with error:
web:build: npm error code 1
web:build: npm error path C:\Users\TCHANGTHONG\Project\tanjai-pos\apps\web
web:build: npm error workspace web@1.0.0
web:build: npm error location C:\Users\TCHANGTHONG\Project\tanjai-pos\apps\web
web:build: npm error command failed
web:build: npm error command C:\WINDOWS\system32\cmd.exe /d /s /c next build
web:build: ERROR: command finished with error: command (C:\Users\TCHANGTHONG\Project\tanjai-pos\apps\web) C:\Program Files\nodejs\npm.cmd run build exited (1)
web#build: command (C:\Users\TCHANGTHONG\Project\tanjai-pos\apps\web) C:\Program Files\nodejs\npm.cmd run build exited (1)

 Tasks:    0 successful, 1 total
Cached:    0 cached, 1 total
  Time:    19.463s 
Failed:    web#build

 ERROR  run failed: command  exited (1)
