
> tanjai-pos@0.1.0 build
> next build --webpack

   ▲ Next.js 16.0.10 (webpack)
   - Environments: .env.local

   Creating an optimized production build ...
 ✓ (serwist) Bundling the service worker script with the URL '/sw.js' and the scope '/'...
 ✓ Compiled successfully in 7.4s
   Running TypeScript ...
   Collecting page data using 11 workers ...
   Generating static pages using 11 workers (0/14) ...
   Generating static pages using 11 workers (3/14) 
   Generating static pages using 11 workers (6/14) 
   Generating static pages using 11 workers (10/14) 
 ✓ Generating static pages using 11 workers (14/14) in 2.8s
   Finalizing page optimization ...
   Collecting build traces ...

Route (app)
┌ ○ /
├ ƒ /dashboard/menu
├ ƒ /dashboard/tables
├ ○ /kds
├ ○ /login
├ ○ /manifest.json
├ ○ /_not-found
├ ○ /onboarding
├ ƒ /order
├ ○ /order/cart
├ ƒ /order/success
└ ○ /pos


○  (Static)   prerendered as static content
ƒ  (Dynamic)  server-rendered on demand

