• Packages in scope: erp
• Running build in 1 packages
• Remote caching disabled
erp:build: cache miss, executing be92fee2245b94f9
erp:build: 
erp:build: > erp@0.1.0 build
erp:build: > next build
erp:build: 
erp:build:   ▲ Next.js 14.2.35
erp:build: 
erp:build:    Creating an optimized production build ...
erp:build:  ✓ Compiled successfully
erp:build:    Linting and checking validity of types ...
erp:build: Failed to compile.
erp:build: 
erp:build: ./middleware.ts:1:36
erp:build: Type error: Cannot find module '@supabase/ssr' or its corresponding type declarations.
erp:build: 
erp:build: [0m[31m[1m>[22m[39m[90m 1 |[39m [36mimport[39m { createServerClient } [36mfrom[39m [32m'@supabase/ssr'[39m[0m
erp:build: [0m [90m   |[39m                                    [31m[1m^[22m[39m[0m
erp:build: [0m [90m 2 |[39m [36mimport[39m { [33mNextResponse[39m[33m,[39m type [33mNextRequest[39m } [36mfrom[39m [32m'next/server'[39m[0m
erp:build: [0m [90m 3 |[39m[0m
erp:build: [0m [90m 4 |[39m [36mexport[39m [36masync[39m [36mfunction[39m middleware(request[33m:[39m [33mNextRequest[39m) {[0m
erp:build: Next.js build worker exited with code: 1 and signal: null
erp:build: npm error Lifecycle script `build` failed with error:
erp:build: npm error code 1
erp:build: npm error path C:\Users\TCHANGTHONG\Project\tanjai-pos\apps\erp
erp:build: npm error workspace erp@0.1.0
erp:build: npm error location C:\Users\TCHANGTHONG\Project\tanjai-pos\apps\erp
erp:build: npm error command failed
erp:build: npm error command C:\WINDOWS\system32\cmd.exe /d /s /c next build
erp:build: ERROR: command finished with error: command (C:\Users\TCHANGTHONG\Project\tanjai-pos\apps\erp) C:\Program Files\nodejs\npm.cmd run build exited (1)
erp#build: command (C:\Users\TCHANGTHONG\Project\tanjai-pos\apps\erp) C:\Program Files\nodejs\npm.cmd run build exited (1)

 Tasks:    0 successful, 1 total
Cached:    0 cached, 1 total
  Time:    21.022s 
Failed:    erp#build

 ERROR  run failed: command  exited (1)
